\BOOKMARK [1][-]{section.1}{\376\377\000L\036\313\000c\000h\000\040\000s\036\355\000\040\000s\036\355\000a\000\040\001\021\036\325\000i}{}% 1
\BOOKMARK [1][-]{section.2}{\376\377\000G\000i\036\333\000i\000\040\000t\000h\000i\036\307\000u}{}% 2
\BOOKMARK [1][-]{section.3}{\376\377\000T\036\325\000n\000g\000\040\000q\000u\000a\000n\000\040\000h\036\307\000\040\000t\000h\036\321\000n\000g}{}% 3
\BOOKMARK [1][-]{section.4}{\376\377\000M\000\364\000\040\000t\036\243\000\040\000c\000h\000i\000\040\000t\000i\036\277\000t}{}% 4
\BOOKMARK [2][-]{subsection.4.1}{\376\377\000M\000o\000d\000u\000l\000e\000\040\0001\000:\000\040\000D\000u\000y\036\307\000t\000\040\000t\000i\000n\000\040\001\021\001\003\000n\000g\000\040\000y\000\352\000u\000\040\000c\036\247\000u\000\040\000t\000h\000\352\000m\000\040\000c\000h\036\327\000\040\036\337\000\040\000m\036\333\000i\000\040\000t\036\353\000\040\000c\000h\036\347\000\040\000n\000h\000\340}{section.4}% 5
\BOOKMARK [3][-]{subsubsection.4.1.1}{\376\377\000U\000s\000e\000r\000\040\000S\000t\000o\000r\000y}{subsection.4.1}% 6
\BOOKMARK [3][-]{subsubsection.4.1.2}{\376\377\000C\000\341\000c\000\040\000u\000s\000e\000c\000a\000s\000e\000\040\000c\000h\000i\000\040\000t\000i\036\277\000t}{subsection.4.1}% 7
\BOOKMARK [0][-]{subsubsubsection.4.1.2.1}{\376\377\000U\000s\000e\000\040\000C\000a\000s\000e\000\040\0001\000:\000\040\000D\000u\000y\036\307\000t\000\040\000t\000i\000n\000.}{}% 8
\BOOKMARK [1][-]{subsection.4.2}{\376\377\000M\000o\000d\000u\000l\000e\000\040\0002\000:\000\040\000Q\000u\036\243\000n\000\040\000l\000\355\000\040\000k\000h\000u\000y\036\277\000n\000\040\000m\036\241\000i}{subsubsubsection.4.1.2.1}% 9
\BOOKMARK [2][-]{subsubsection.4.2.1}{\376\377\000U\000s\000e\000r\000\040\000S\000t\000o\000r\000y}{subsection.4.2}% 10
\BOOKMARK [3][-]{subsubsection.4.2.2}{\376\377\000C\000\341\000c\000\040\000u\000s\000e\000c\000a\000s\000e\000\040\000c\000h\000i\000\040\000t\000i\036\277\000t}{subsubsection.4.2.1}% 11
\BOOKMARK [0][-]{subsubsubsection.4.2.2.1}{\376\377\000U\000s\000e\000c\000a\000s\000e\000\040\0002\000:\000\040\000T\000h\000\352\000m\000\040\000k\000h\000u\000y\036\277\000n\000\040\000m\036\241\000i\000\040\000c\036\347\000a\000\040\000h\036\307\000\040\000t\000h\036\321\000n\000g}{}% 12
\BOOKMARK [0][-]{subsubsubsection.4.2.2.2}{\376\377\000U\000s\000e\000c\000a\000s\000e\000\040\0003\000:\000\040\000T\000h\000\352\000m\000\040\000k\000h\000u\000y\036\277\000n\000\040\000m\036\241\000i\000\040\000r\000i\000\352\000n\000g\000\040\000\050\000d\000\340\000n\000h\000\040\000c\000h\000o\000\040\000c\000h\036\347\000\040\000n\000h\000\340\000\051}{}% 13
\BOOKMARK [0][-]{subsubsubsection.4.2.2.3}{\376\377\000U\000s\000e\000c\000a\000s\000e\000\040\0004\000:\000\040\000X\000\363\000a\000\040\000k\000h\000u\000y\036\277\000n\000\040\000m\036\241\000i\000\040\000\050\000d\000\340\000n\000h\000\040\000c\000h\000o\000\040\000c\000h\036\347\000\040\000n\000h\000\340\000\051}{}% 14
\BOOKMARK [0][-]{subsubsubsection.4.2.2.4}{\376\377\000U\000s\000e\000c\000a\000s\000e\000\040\0005\000:\000\040\000X\000\363\000a\000\040\000k\000h\000u\000y\036\277\000n\000\040\000m\036\241\000i\000\040\000h\036\307\000\040\000t\000h\036\321\000n\000g\000\040\000\050\000d\000\340\000n\000h\000\040\000c\000h\000o\000\040\000q\000u\036\243\000n\000\040\000l\000\355\000\051}{}% 15
\BOOKMARK [1][-]{subsection.4.3}{\376\377\000M\000o\000d\000u\000l\000e\000\040\0003\000:\000\040\000B\000\354\000n\000h\000\040\000l\000u\036\255\000n\000\040\000v\000\340\000\040\000r\000a\000t\000i\000n\000g\000\040\000c\000h\000o\000\040\000n\000h\000\340}{subsubsubsection.4.2.2.4}% 16
\BOOKMARK [2][-]{subsubsection.4.3.1}{\376\377\000B\000\354\000n\000h\000\040\000l\000u\036\255\000n\000\040\000v\000\340\000\040\000r\000a\000t\000i\000n\000g\000\040\000c\000h\000o\000\040\000n\000h\000\340}{subsection.4.3}% 17
\BOOKMARK [0][-]{subsubsubsection.4.3.1.1}{\376\377\000U\000s\000e\000r\000\040\000S\000t\000o\000r\000y}{}% 18
\BOOKMARK [0][-]{subsubsubsection.4.3.1.2}{\376\377\000M\000\364\000\040\000t\036\243\000\040\000c\000\341\000c\000\040\000u\000s\000e\000\040\000c\000a\000s\000e}{}% 19
\BOOKMARK [1][-]{subsubsection.4.3.2}{\376\377\000Q\000u\036\243\000n\000\040\000l\000\375\000\040\000h\000u\000y\000\040\000h\000i\036\307\000u\000,\000\040\000x\036\277\000p\000\040\000h\036\241\000n\000g\000\040\000c\000\341\000c\000\040\000h\000o\000m\000e\000s\000t\000a\000y}{subsubsubsection.4.3.1.2}% 20
\BOOKMARK [0][-]{subsubsubsection.4.3.2.1}{\376\377\000U\000s\000e\000r\000\040\000S\000t\000o\000r\000y}{}% 21
\BOOKMARK [0][-]{subsubsubsection.4.3.2.2}{\376\377\000M\000\364\000\040\000t\036\243\000\040\000c\000\341\000c\000\040\000u\000s\000e\000\040\000c\000a\000s\000e}{}% 22
\BOOKMARK [1][-]{subsection.4.4}{\376\377\000M\000o\000d\000u\000l\000e\000\040\0004\000:\000\040\000Y\000\352\000u\000\040\000c\036\247\000u\000\040\000t\036\241\000o\000\040\000t\000i\000n\000\040\000m\036\333\000i\000,\000\040\000q\000u\036\243\000n\000\040\000l\000\375\000\040\000c\000\341\000c\000\040\000t\000i\000n\000\040\001\021\000\343\000\040\000g\036\355\000i}{subsubsubsection.4.3.2.2}% 23
\BOOKMARK [2][-]{subsubsection.4.4.1}{\376\377\000U\000s\000e\000r\000\040\000s\000t\000o\000r\000y}{subsection.4.4}% 24
\BOOKMARK [3][-]{subsubsection.4.4.2}{\376\377\000M\000\364\000\040\000t\036\243\000\040\000c\000\341\000c\000\040\000u\000s\000e\000\040\000c\000a\000s\000e}{subsubsection.4.4.1}% 25
\BOOKMARK [0][-]{subsubsubsection.4.4.2.1}{\376\377\000U\000s\000e\000\040\000C\000a\000s\000e\000\040\0001\000:\000\040\000T\000h\000\352\000m\000\040\000m\036\333\000i}{}% 26
\BOOKMARK [0][-]{subsubsubsection.4.4.2.2}{\376\377\000U\000s\000e\000\040\000C\000a\000s\000e\000\040\0002\000:\000\040\000X\000e\000m\000\040\000d\000a\000n\000h\000\040\000s\000\341\000c\000h\000\040\000t\000i\000n}{}% 27
\BOOKMARK [1][-]{subsubsection.4.4.3}{\376\377\000U\000s\000e\000\040\000C\000a\000s\000e\000\040\0003\000:\000\040\000C\000h\036\311\000n\000h\000\040\000s\036\355\000a\000\040\000t\000i\000n\000\040\001\021\000\343\000\040\001\021\001\003\000n\000g}{subsubsubsection.4.4.2.2}% 28
\BOOKMARK [0][-]{subsubsubsection.4.4.3.1}{\376\377\000U\000s\000e\000\040\000C\000a\000s\000e\000\040\0004\000:\000\040\036\250\000n\000\040\000t\000i\000n\000\040\001\021\000\343\000\040\001\021\001\003\000n\000g}{}% 29
\BOOKMARK [1][-]{subsection.4.5}{\376\377\000M\000o\000d\000u\000l\000e\000\040\0005\000:\000\040\000T\000\354\000m\000\040\000k\000i\036\277\000m\000\040\000v\000\340\000\040\000l\036\315\000c\000\040\000k\036\277\000t\000\040\000q\000u\036\243\000;\000\040\001\020\036\267\000t\000\040\000p\000h\000\362\000n\000g\000\040\000h\000o\000m\000e\000s\000t\000a\000y}{subsubsubsection.4.4.3.1}% 30
\BOOKMARK [2][-]{subsubsection.4.5.1}{\376\377\000\040\000T\000\354\000m\000\040\000k\000i\036\277\000m\000\040\000v\000\340\000\040\000l\036\315\000c\000\040\000h\000o\000m\000e\000s\000t\000a\000y}{subsection.4.5}% 31
\BOOKMARK [0][-]{subsubsubsection.4.5.1.1}{\376\377\000U\000s\000e\000r\000\040\000S\000t\000o\000r\000y}{}% 32
\BOOKMARK [0][-]{subsubsubsection.4.5.1.2}{\376\377\000M\000\364\000\040\000t\036\243\000\040\000c\000\341\000c\000\040\000u\000s\000e\000\040\000c\000a\000s\000e}{}% 33
\BOOKMARK [1][-]{subsubsection.4.5.2}{\376\377\001\020\036\267\000t\000\040\000p\000h\000\362\000n\000g\000\040\000h\000o\000m\000e\000s\000t\000a\000y\000\040\000\050\000b\000a\000o\000\040\000g\036\323\000m\000\040\000t\000h\000a\000n\000h\000\040\000t\000o\000\341\000n\000\051}{subsubsubsection.4.5.1.2}% 34
\BOOKMARK [0][-]{subsubsubsection.4.5.2.1}{\376\377\000U\000s\000e\000r\000\040\000s\000t\000o\000r\000y}{}% 35
\BOOKMARK [0][-]{subsubsubsection.4.5.2.2}{\376\377\000M\000\364\000\040\000t\036\243\000\040\000c\000\341\000c\000\040\000u\000s\000e\000\040\000c\000a\000s\000e}{}% 36
\BOOKMARK [1][-]{subsection.4.6}{\376\377\000M\000o\000d\000u\000l\000e\000\040\0006\000:\000\040\000T\000h\000e\000o\000\040\000d\000\365\000i\000\040\000t\000\354\000n\000h\000\040\000t\000r\036\241\000n\000g\000\040\001\021\036\267\000t\000\040\000p\000h\000\362\000n\000g\000\040\000c\000h\000o\000\040\000c\000h\036\347\000\040\000n\000h\000\340}{subsubsubsection.4.5.2.2}% 37
\BOOKMARK [2][-]{subsubsection.4.6.1}{\376\377\000U\000s\000e\000r\000\040\000s\000t\000o\000r\000i\000e\000s}{subsection.4.6}% 38
\BOOKMARK [3][-]{subsubsection.4.6.2}{\376\377\000C\000\341\000c\000\040\000u\000s\000e\000\040\000c\000a\000s\000e\000\040\000c\000h\000i\000\040\000t\000i\036\277\000t}{subsubsection.4.6.1}% 39
\BOOKMARK [0][-]{subsubsubsection.4.6.2.1}{\376\377\000U\000s\000e\000r\000c\000a\000s\000e\000\040\0001\000:\000\040\000X\000e\000m\000\040\000d\000a\000n\000h\000\040\000s\000\341\000c\000h\000\040\000p\000h\000\362\000n\000g}{}% 40
\BOOKMARK [0][-]{subsubsubsection.4.6.2.2}{\376\377\000U\000s\000e\000r\000c\000a\000s\000e\000\040\0002\000:\000\040\000L\036\315\000c\000\040\000d\000a\000n\000h\000\040\000s\000\341\000c\000h\000\040\000p\000h\000\362\000n\000g}{}% 41
\BOOKMARK [0][-]{subsubsubsection.4.6.2.3}{\376\377\000U\000s\000e\000r\000c\000a\000s\000e\000\040\0003\000:\000\040\000S\036\257\000p\000\040\000x\036\277\000p\000\040\000d\000a\000n\000h\000\040\000s\000\341\000c\000h\000\040\000p\000h\000\362\000n\000g}{}% 42
\BOOKMARK [1][-]{subsection.4.7}{\376\377\000M\000o\000d\000u\000l\000e\000\040\0007\000:\000\040\000C\000\341\000c\000\040\000c\000h\036\351\000c\000\040\000n\001\003\000n\000g\000\040\000v\036\301\000\040\000n\000h\036\257\000n\000\040\000t\000i\000n\000\040\000c\000h\000o\000\040\000k\000h\000\341\000c\000h\000\040\000t\000h\000u\000\352}{subsubsubsection.4.6.2.3}% 43
\BOOKMARK [2][-]{subsubsection.4.7.1}{\376\377\000U\000s\000e\000r\000\040\000s\000t\000o\000r\000i\000e\000s}{subsection.4.7}% 44
\BOOKMARK [3][-]{subsubsection.4.7.2}{\376\377\000C\000\341\000c\000\040\000u\000s\000e\000\040\000c\000a\000s\000e\000\040\000c\000h\000i\000\040\000t\000i\036\277\000t}{subsubsection.4.7.1}% 45
\BOOKMARK [0][-]{subsubsubsection.4.7.2.1}{\376\377\000G\036\355\000i\000\040\000t\000i\000n\000\040\000n\000h\036\257\000n\000\040\000c\000h\000o\000\040\000c\000h\036\347\000\040\000n\000h\000\340}{}% 46
\BOOKMARK [0][-]{subsubsubsection.4.7.2.2}{\376\377\000X\000e\000m\000\040\000d\000a\000n\000h\000\040\000s\000\341\000c\000h\000\040\000t\000i\000n\000\040\000n\000h\036\257\000n}{}% 47
\BOOKMARK [0][-]{subsubsubsection.4.7.2.3}{\376\377\000X\000e\000m\000\040\000c\000h\000i\000\040\000t\000i\036\277\000t\000\040\000t\000i\000n\000\040\000n\000h\036\257\000n}{}% 48
\BOOKMARK [0][-]{subsubsubsection.4.7.2.4}{\376\377\000T\000r\036\243\000\040\000l\036\335\000i\000\040\000t\000i\000n\000\040\000n\000h\036\257\000n}{}% 49
\BOOKMARK [0][-]{subsubsubsection.4.7.2.5}{\376\377\000X\000o\000\341\000\040\000t\000i\000n\000\040\000n\000h\036\257\000n}{}% 50
\BOOKMARK [1][-]{subsection.4.8}{\376\377\000M\000o\000d\000u\000l\000e\000\040\0008\000:\000\040\000C\000\341\000c\000\040\000c\000h\036\351\000c\000\040\000n\001\003\000n\000g\000\040\000v\036\301\000\040\000n\000h\036\257\000n\000\040\000t\000i\000n\000\040\000c\000h\000o\000\040\000c\000h\036\347\000\040\000n\000h\000\340}{subsubsubsection.4.7.2.5}% 51
\BOOKMARK [2][-]{subsubsection.4.8.1}{\376\377\000U\000s\000e\000r\000\040\000s\000t\000o\000r\000i\000e\000s}{subsection.4.8}% 52
\BOOKMARK [3][-]{subsubsection.4.8.2}{\376\377\000C\000\341\000c\000\040\000u\000s\000e\000\040\000c\000a\000s\000e\000\040\000c\000h\000i\000\040\000t\000i\036\277\000t}{subsubsection.4.8.1}% 53
\BOOKMARK [0][-]{subsubsubsection.4.8.2.1}{\376\377\000X\000e\000m\000\040\000d\000a\000n\000h\000\040\000s\000\341\000c\000h\000\040\000t\000i\000n\000\040\000n\000h\036\257\000n}{}% 54
\BOOKMARK [0][-]{subsubsubsection.4.8.2.2}{\376\377\000X\000e\000m\000\040\000c\000h\000i\000\040\000t\000i\036\277\000t\000\040\000t\000i\000n\000\040\000n\000h\036\257\000n}{}% 55
\BOOKMARK [0][-]{subsubsubsection.4.8.2.3}{\376\377\000T\000r\036\243\000\040\000l\036\335\000i\000\040\000t\000i\000n\000\040\000n\000h\036\257\000n}{}% 56
\BOOKMARK [0][-]{subsubsubsection.4.8.2.4}{\376\377\000X\000o\000\341\000\040\000t\000i\000n\000\040\000n\000h\036\257\000n}{}% 57
\BOOKMARK [1][-]{section.5}{\376\377\001\020\036\267\000c\000\040\000t\036\243\000\040\000c\000\341\000c\000\040\000y\000\352\000u\000\040\000c\036\247\000u\000\040\000p\000h\000i\000\040\000c\000h\036\351\000c\000\040\000n\001\003\000n\000g}{subsubsubsection.4.8.2.4}% 58
\BOOKMARK [2][-]{subsection.5.1}{\376\377\000A\000v\000a\000i\000l\000a\000b\000i\000l\000i\000t\000y\000\040\000R\000e\000q\000u\000i\000r\000e\000m\000e\000n\000t\000s}{section.5}% 59
\BOOKMARK [2][-]{subsection.5.2}{\376\377\000S\000e\000c\000u\000r\000i\000t\000y\000\040\000R\000e\000q\000u\000i\000r\000e\000m\000e\000n\000t\000s}{section.5}% 60
\BOOKMARK [2][-]{subsection.5.3}{\376\377\000U\000s\000a\000b\000i\000l\000i\000t\000y\000\040\000R\000e\000q\000u\000i\000r\000e\000m\000e\000n\000t\000s}{section.5}% 61
\BOOKMARK [2][-]{subsection.5.4}{\376\377\000S\000c\000a\000l\000a\000b\000i\000t\000l\000i\000t\000y\000\040\000R\000e\000q\000u\000i\000r\000e\000m\000e\000n\000t\000s}{section.5}% 62
\BOOKMARK [2][-]{subsection.5.5}{\376\377\000P\000e\000r\000f\000o\000r\000m\000a\000n\000c\000e\000\040\000R\000e\000q\000u\000i\000r\000e\000m\000e\000n\000t\000s}{section.5}% 63
\BOOKMARK [1][-]{section.6}{\376\377\000K\000i\036\277\000n\000\040\000t\000r\000\372\000c\000\040\000h\036\307\000\040\000t\000h\036\321\000n\000g}{subsubsubsection.4.8.2.4}% 64
\BOOKMARK [1][-]{section.7}{\376\377\000T\000h\000i\036\277\000t\000\040\000k\036\277\000\040\000l\001\260\036\343\000c\000\040\001\021\036\323\000\040\000c\000l\000a\000s\000s}{subsubsubsection.4.8.2.4}% 65
\BOOKMARK [2][-]{subsection.7.1}{\376\377\000C\000l\000a\000s\000s\000\040\000U\000s\000e\000r\000s}{section.7}% 66
\BOOKMARK [2][-]{subsection.7.2}{\376\377\000L\001\260\036\343\000c\000\040\001\021\036\323\000\040\000c\000l\000a\000s\000s\000\040\000c\000h\000o\000\040\000m\000o\000d\000u\000l\000e\000\040\000Q\000u\036\243\000n\000\040\000l\000\355\000\040\000k\000h\000u\000y\036\277\000n\000\040\000m\036\241\000i}{section.7}% 67
\BOOKMARK [2][-]{subsection.7.3}{\376\377\000L\001\260\036\343\000c\000\040\001\021\036\323\000\040\000c\000l\000a\000s\000s\000\040\000c\000h\000o\000\040\000m\000o\000d\000u\000l\000e\000\040\000D\000u\000y\036\307\000t\000\040\000t\000i\000n}{section.7}% 68
\BOOKMARK [1][-]{section.8}{\376\377\000U\000s\000e\000c\000a\000s\000e\000\040\000c\000h\000i\000\040\000t\000i\036\277\000t\000\040\000m\036\351\000c\000\040\000t\000h\000i\036\277\000t\000\040\000k\036\277}{subsubsubsection.4.8.2.4}% 69
\BOOKMARK [2][-]{subsection.8.1}{\376\377\000L\036\245\000y\000\040\000d\000a\000n\000h\000\040\000s\000\341\000c\000h\000\040\000k\000h\000u\000y\036\277\000n\000\040\000m\036\241\000i}{section.8}% 70
\BOOKMARK [2][-]{subsection.8.2}{\376\377\000X\000\363\000a\000\040\000k\000h\000u\000y\036\277\000n\000\040\000m\036\241\000i}{section.8}% 71
\BOOKMARK [2][-]{subsection.8.3}{\376\377\000T\036\241\000o\000\040\000k\000h\000u\000y\036\277\000n\000\040\000m\036\241\000i}{section.8}% 72
\BOOKMARK [2][-]{subsection.8.4}{\376\377\000C\000h\036\311\000n\000h\000\040\000s\036\355\000a\000\040\000k\000h\000u\000y\036\277\000n\000\040\000m\036\241\000i}{section.8}% 73
\BOOKMARK [1][-]{section.9}{\376\377\000T\000h\000i\036\277\000t\000\040\000k\036\277\000\040\000g\000i\000a\000o\000\040\000d\000i\036\307\000n\000\040\000n\000g\001\260\036\335\000i\000\040\000d\000\371\000n\000g}{subsubsubsection.4.8.2.4}% 74
\BOOKMARK [2][-]{subsection.9.1}{\376\377\000M\000o\000d\000u\000l\000e\000\040\0001\000:\000\040\000D\000u\000y\036\307\000t\000\040\000t\000i\000n}{section.9}% 75
\BOOKMARK [2][-]{subsection.9.2}{\376\377\000M\000o\000d\000u\000l\000e\000\040\0002\000:\000\040\000Q\000u\036\243\000n\000\040\000l\000\355\000\040\000k\000h\000u\000y\036\277\000n\000\040\000m\036\241\000i}{section.9}% 76
\BOOKMARK [3][-]{subsubsection.9.2.1}{\376\377\000G\000i\000a\000o\000\040\000d\000i\036\307\000n\000\040\000q\000u\036\243\000n\000\040\000l\000\355\000\040\000k\000h\000u\000y\036\277\000n\000\040\000m\036\241\000i}{subsection.9.2}% 77
\BOOKMARK [3][-]{subsubsection.9.2.2}{\376\377\000G\000i\000a\000o\000\040\000d\000i\036\307\000n\000\040\000t\000h\000\352\000m\000\040\000k\000h\000u\000y\036\277\000n\000\040\000m\036\241\000i}{subsection.9.2}% 78
\BOOKMARK [3][-]{subsubsection.9.2.3}{\376\377\000G\000i\000a\000o\000\040\000d\000i\036\307\000n\000\040\000x\000\363\000a\000\040\000k\000h\000u\000y\036\277\000n\000\040\000m\036\241\000i}{subsection.9.2}% 79
\BOOKMARK [2][-]{subsection.9.3}{\376\377\000M\000o\000d\000u\000l\000e\000\040\0003\000:\000\040\000B\000\354\000n\000h\000\040\000l\000u\036\255\000n\000,\000\040\000r\000a\000t\000i\000n\000g\000\040\000v\000\340\000\040\000x\036\277\000p\000\040\000h\036\241\000n\000g\000\040\000c\000h\000o\000\040\000n\000h\000\340}{section.9}% 80
\BOOKMARK [3][-]{subsubsection.9.3.1}{\376\377\000G\000i\000a\000o\000\040\000d\000i\036\307\000n\000\040\000b\000\354\000n\000h\000\040\000l\000u\036\255\000n\000\040\000v\000\340\000\040\000r\000a\000t\000i\000n\000g}{subsection.9.3}% 81
\BOOKMARK [3][-]{subsubsection.9.3.2}{\376\377\000G\000i\000a\000o\000\040\000d\000i\036\307\000n\000\040\000x\036\277\000p\000\040\000h\036\241\000n\000g\000\040\000c\036\347\000a\000\040\000n\000h\000\340}{subsection.9.3}% 82
\BOOKMARK [2][-]{subsection.9.4}{\376\377\000M\000o\000d\000u\000l\000e\000\040\0005\000:\000\040\000T\000\354\000m\000\040\000k\000i\036\277\000m\000\040\000v\000\340\000\040\000l\036\315\000c\000\040\000h\000o\000m\000e\000s\000t\000a\000y\000;\000\040\000D\036\267\000t\000\040\000p\000h\000\362\000n\000g}{section.9}% 83
\BOOKMARK [3][-]{subsubsection.9.4.1}{\376\377\000T\000\314\000m\000\040\000k\000i\036\277\000m\000\040\000v\000\340\000\040\000l\036\315\000c\000\040\000k\036\277\000t\000\040\000q\000u\036\243}{subsection.9.4}% 84
\BOOKMARK [3][-]{subsubsection.9.4.2}{\376\377\001\020\036\267\000t\000\040\000p\000h\000\362\000n\000g\000\040\000v\000\340\000\040\000t\000h\000a\000n\000h\000\040\000t\000o\000\341\000n}{subsection.9.4}% 85
\BOOKMARK [2][-]{subsection.9.5}{\376\377\000M\000o\000d\000u\000l\000e\000\040\0004\000:\000\040\000Y\000\352\000u\000\040\000c\036\247\000u\000\040\000t\036\241\000o\000\040\000t\000i\000n\000\040\000m\036\333\000i\000,\000\040\000q\000u\036\243\000n\000\040\000l\000\375\000\040\000c\000\341\000c\000\040\000t\000i\000n\000\040\001\021\000\343\000\040\000g\036\355\000i}{section.9}% 86
\BOOKMARK [3][-]{subsubsection.9.5.1}{\376\377\000T\000h\000\352\000m\000\040\000m\036\333\000i}{subsection.9.5}% 87
\BOOKMARK [3][-]{subsubsection.9.5.2}{\376\377\000X\000e\000m\000\040\000d\000a\000n\000h\000\040\000s\000\341\000c\000h\000\040\000t\000i\000n}{subsection.9.5}% 88
\BOOKMARK [3][-]{subsubsection.9.5.3}{\376\377\000C\000h\036\311\000n\000h\000\040\000s\036\355\000a\000\040\000t\000i\000n\000\040\001\021\000\343\000\040\001\021\001\003\000n\000g}{subsection.9.5}% 89
\BOOKMARK [3][-]{subsubsection.9.5.4}{\376\377\036\250\000n\000\040\000t\000i\000n\000\040\001\021\000\343\000\040\001\021\001\003\000n\000g}{subsection.9.5}% 90
\BOOKMARK [2][-]{subsection.9.6}{\376\377\000M\000o\000d\000u\000l\000e\000\040\0006\000:\000\040\000T\000h\000e\000o\000\040\000d\000\365\000i\000\040\000t\000\354\000n\000h\000\040\000t\000r\036\241\000n\000g\000\040\001\021\036\267\000t\000\040\000p\000h\000\362\000n\000g}{section.9}% 91
\BOOKMARK [2][-]{subsection.9.7}{\376\377\000M\000o\000d\000u\000l\000e\000\040\0008\000:\000\040\000T\000i\000n\000\040\000n\000h\036\257\000n\000\040\000c\000h\000o\000\040\000c\000h\036\347\000\040\000n\000h\000\340}{section.9}% 92
\BOOKMARK [3][-]{subsubsection.9.7.1}{\376\377\000G\000i\000a\000o\000\040\000d\000i\036\307\000n\000\040\000x\000e\000m\000\040\000d\000a\000n\000h\000\040\000s\000\341\000c\000h\000\040\000t\000i\000n\000\040\000n\000h\036\257\000n}{subsection.9.7}% 93
\BOOKMARK [3][-]{subsubsection.9.7.2}{\376\377\000G\000i\000a\000o\000\040\000d\000i\036\307\000n\000\040\000x\000e\000m\000\040\000c\000h\000i\000\040\000t\000i\036\277\000t\000\040\000t\000i\000n\000\040\000n\000h\036\257\000n}{subsection.9.7}% 94
\BOOKMARK [3][-]{subsubsection.9.7.3}{\376\377\000G\000i\000a\000o\000\040\000d\000i\036\307\000n\000\040\000t\000r\036\243\000\040\000l\036\335\000i\000\040\000t\000i\000n\000\040\000n\000h\036\257\000n}{subsection.9.7}% 95
